<?xml version="1.0" encoding="UTF-8"?>
<!-- Generated by org.testng.reporters.JUnitReportReporter -->
<testsuite hostname="LAPTOP-FD4NVGGE" failures="0" tests="1" name="com.ecom.gtc.reg.RegistrationPage" time="68.420" errors="0" timestamp="2024-08-28T11:28:36 IST" skipped="0">
  <testcase classname="com.ecom.gtc.reg.RegistrationPage" name="registrationTest" time="68.420"/>
  <system-out/>
</testsuite> <!-- com.ecom.gtc.reg.RegistrationPage -->
