<?xml version="1.0" encoding="UTF-8"?>
<!-- Generated by org.testng.reporters.JUnitReportReporter -->
<testsuite hostname="LAPTOP-FD4NVGGE" failures="0" tests="1" name="seleniumgrid_practice.GridTest" time="32.532" errors="0" timestamp="2024-08-23T14:32:30 IST" skipped="0">
  <testcase classname="seleniumgrid_practice.GridTest" name="sampleTest" time="32.532"/>
</testsuite> <!-- seleniumgrid_practice.GridTest -->
