<?xml version="1.0" encoding="UTF-8"?>
<!-- Generated by org.testng.reporters.JUnitReportReporter -->
<testsuite hostname="LAPTOP-FD4NVGGE" failures="0" tests="1" name="com.sample.crud.withoutBdd.SampleTestForPartialUpdateTest" time="1.699" errors="0" timestamp="2024-07-29T16:47:22 IST" skipped="0">
  <testcase classname="com.sample.crud.withoutBdd.SampleTestForPartialUpdateTest" name="putDataToServer" time="1.699"/>
</testsuite> <!-- com.sample.crud.withoutBdd.SampleTestForPartialUpdateTest -->
