<?xml version="1.0" encoding="UTF-8"?>
<!-- Generated by org.testng.reporters.JUnitReportReporter -->
<testsuite hostname="LAPTOP-FD4NVGGE" failures="0" tests="1" name="com.sample.crud.withoutBdd.SampleTestForReadTest" time="1.688" errors="0" timestamp="2024-07-29T16:55:24 IST" skipped="0">
  <testcase classname="com.sample.crud.withoutBdd.SampleTestForReadTest" name="postDataToServer" time="1.688"/>
</testsuite> <!-- com.sample.crud.withoutBdd.SampleTestForReadTest -->
