<?xml version="1.0" encoding="UTF-8"?>
<!-- Generated by org.testng.reporters.JUnitReportReporter -->
<testsuite hostname="LAPTOP-FD4NVGGE" failures="0" tests="1" name="mockingStub.PaymentTest" time="2.120" errors="0" timestamp="2024-08-08T12:14:25 IST" skipped="0">
  <testcase classname="mockingStub.PaymentTest" name="sampleTest" time="2.120"/>
</testsuite> <!-- mockingStub.PaymentTest -->
