<?xml version="1.0" encoding="UTF-8"?>
<!-- Generated by org.testng.reporters.JUnitReportReporter -->
<testsuite hostname="LAPTOP-FD4NVGGE" failures="0" tests="1" name="practice.SampleTestUsingMtdChainingTest" time="2.168" errors="0" timestamp="2024-07-28T17:32:22 IST" skipped="0">
  <testcase classname="practice.SampleTestUsingMtdChainingTest" name="sampleGetReqTest" time="2.168"/>
</testsuite> <!-- practice.SampleTestUsingMtdChainingTest -->
