<?xml version="1.0" encoding="UTF-8"?>
<!-- Generated by org.testng.reporters.JUnitReportReporter -->
<testsuite hostname="LAPTOP-FD4NVGGE" failures="0" tests="1" name="authorization_test.PreEmptive_AuthTest" time="1.721" errors="0" timestamp="2024-08-06T14:44:23 IST" skipped="0">
  <testcase classname="authorization_test.PreEmptive_AuthTest" name="sampleTest" time="1.721"/>
</testsuite> <!-- authorization_test.PreEmptive_AuthTest -->
