<?xml version="1.0" encoding="UTF-8"?>
<!-- Generated by org.testng.reporters.JUnitReportReporter -->
<testsuite hostname="LAPTOP-FD4NVGGE" failures="0" tests="1" name="com.sample.crud.withoutBdd.SampleTestForGetDataTest" time="2.563" errors="0" timestamp="2024-07-29T16:24:50 IST" skipped="0">
  <testcase classname="com.sample.crud.withoutBdd.SampleTestForGetDataTest" name="getDataFromServer" time="2.563"/>
</testsuite> <!-- com.sample.crud.withoutBdd.SampleTestForGetDataTest -->
