<?xml version="1.0" encoding="UTF-8"?>
<!-- Generated by org.testng.reporters.JUnitReportReporter -->
<testsuite hostname="LAPTOP-FD4NVGGE" failures="0" tests="3" name="datadriventesting.AddMultipleProjectTest" time="1.620" errors="0" timestamp="2024-08-07T10:45:21 IST" skipped="0">
  <testcase classname="datadriventesting.AddMultipleProjectTest" name="sampleTest" time="0.026"/>
  <testcase classname="datadriventesting.AddMultipleProjectTest" name="sampleTest" time="1.557"/>
  <testcase classname="datadriventesting.AddMultipleProjectTest" name="sampleTest" time="0.037"/>
</testsuite> <!-- datadriventesting.AddMultipleProjectTest -->
