<?xml version="1.0" encoding="UTF-8"?>
<!-- Generated by org.testng.reporters.JUnitReportReporter -->
<testsuite hostname="LAPTOP-FD4NVGGE" failures="0" tests="1" name="practice.Run1" time="0.009" errors="0" timestamp="2024-07-27T11:39:14 IST" skipped="0">
  <testcase classname="practice.Run1" name="sampleTest" time="0.009"/>
</testsuite> <!-- practice.Run1 -->
