<?xml version="1.0" encoding="UTF-8"?>
<!-- Generated by org.testng.reporters.JUnitReportReporter -->
<testsuite hostname="LAPTOP-FD4NVGGE" failures="0" tests="1" name="practicePostRequestTypes.PostReq_Via_HashMapObjectTest" time="1.956" errors="0" timestamp="2024-08-02T10:48:05 IST" skipped="0">
  <testcase classname="practicePostRequestTypes.PostReq_Via_HashMapObjectTest" name="postDataToServer" time="1.956"/>
</testsuite> <!-- practicePostRequestTypes.PostReq_Via_HashMapObjectTest -->
