<?xml version="1.0" encoding="UTF-8"?>
<!-- Generated by org.testng.reporters.JUnitReportReporter -->
<testsuite hostname="LAPTOP-FD4NVGGE" failures="0" tests="1" name="typesOfParameters.PathParameterTest" time="1.474" errors="0" timestamp="2024-08-06T12:01:27 IST" skipped="0">
  <testcase classname="typesOfParameters.PathParameterTest" name="sampleTest" time="1.474"/>
</testsuite> <!-- typesOfParameters.PathParameterTest -->
