<?xml version="1.0" encoding="UTF-8"?>
<!-- Generated by org.testng.reporters.JUnitReportReporter -->
<testsuite hostname="LAPTOP-FD4NVGGE" failures="0" tests="1" name="practice.Validation.VerifyDataComplexJsonXpathTest" time="1.697" errors="0" timestamp="2024-08-03T11:36:17 IST" skipped="0">
  <testcase classname="practice.Validation.VerifyDataComplexJsonXpathTest" name="sampleTest" time="1.697"/>
</testsuite> <!-- practice.Validation.VerifyDataComplexJsonXpathTest -->
