<?xml version="1.0" encoding="UTF-8"?>
<!-- Generated by org.testng.reporters.JUnitReportReporter -->
<testsuite hostname="LAPTOP-FD4NVGGE" failures="0" tests="1" name="encryption_decryption.AESEncTest" time="0.058" errors="0" timestamp="2024-08-06T17:42:38 IST" skipped="0">
  <testcase classname="encryption_decryption.AESEncTest" name="sampleTest" time="0.058"/>
</testsuite> <!-- encryption_decryption.AESEncTest -->
