<?xml version="1.0" encoding="UTF-8"?>
<!-- Generated by org.testng.reporters.JUnitReportReporter -->
<testsuite hostname="LAPTOP-FD4NVGGE" failures="0" tests="1" name="practice.Validation.VerifyResponseTimeTest" time="1.602" errors="0" timestamp="2024-08-02T14:54:37 IST" skipped="0">
  <testcase classname="practice.Validation.VerifyResponseTimeTest" name="verifyResTime" time="1.602"/>
</testsuite> <!-- practice.Validation.VerifyResponseTimeTest -->
