<?xml version="1.0" encoding="UTF-8"?>
<!-- Generated by org.testng.reporters.JUnitReportReporter -->
<testsuite hostname="LAPTOP-FD4NVGGE" failures="0" tests="1" name="authorization_test.Oauth_2_Test" time="1.550" errors="0" timestamp="2024-08-06T15:42:06 IST" skipped="0">
  <testcase classname="authorization_test.Oauth_2_Test" name="sampleTest" time="1.550"/>
</testsuite> <!-- authorization_test.Oauth_2_Test -->
