<?xml version="1.0" encoding="UTF-8"?>
<!-- Generated by org.testng.reporters.JUnitReportReporter -->
<testsuite hostname="LAPTOP-FD4NVGGE" failures="0" tests="5" name="datadriventesting.ExecuteReqWithDataProviderAndExcel" time="1.706" errors="0" timestamp="2024-08-07T11:33:39 IST" skipped="0">
  <testcase classname="datadriventesting.ExecuteReqWithDataProviderAndExcel" name="sampleTest" time="1.601"/>
  <testcase classname="datadriventesting.ExecuteReqWithDataProviderAndExcel" name="sampleTest" time="0.030"/>
  <testcase classname="datadriventesting.ExecuteReqWithDataProviderAndExcel" name="sampleTest" time="0.027"/>
  <testcase classname="datadriventesting.ExecuteReqWithDataProviderAndExcel" name="sampleTest" time="0.021"/>
  <testcase classname="datadriventesting.ExecuteReqWithDataProviderAndExcel" name="sampleTest" time="0.027"/>
</testsuite> <!-- datadriventesting.ExecuteReqWithDataProviderAndExcel -->
