<?xml version="1.0" encoding="UTF-8"?>
<!-- Generated by org.testng.reporters.JUnitReportReporter -->
<testsuite hostname="LAPTOP-FD4NVGGE" failures="0" tests="1" name="com.sample.crud.withoutBdd.SampleTestForCompleteUpdateTest" time="1.681" errors="0" timestamp="2024-07-29T16:44:43 IST" skipped="0">
  <testcase classname="com.sample.crud.withoutBdd.SampleTestForCompleteUpdateTest" name="putDataToServer" time="1.681"/>
</testsuite> <!-- com.sample.crud.withoutBdd.SampleTestForCompleteUpdateTest -->
