<?xml version="1.0" encoding="UTF-8"?>
<!-- Generated by org.testng.reporters.JUnitReportReporter -->
<testsuite hostname="LAPTOP-FD4NVGGE" failures="0" tests="1" name="practice.Validation.VerifyResponseBodyViaJsonPath" time="2.346" errors="0" timestamp="2024-08-02T18:02:57 IST" skipped="0">
  <testcase classname="practice.Validation.VerifyResponseBodyViaJsonPath" name="sampleTest1" time="2.346"/>
</testsuite> <!-- practice.Validation.VerifyResponseBodyViaJsonPath -->
