<?xml version="1.0" encoding="UTF-8"?>
<!-- Generated by org.testng.reporters.JUnitReportReporter -->
<testsuite hostname="LAPTOP-FD4NVGGE" failures="0" tests="1" name="com.sample.crud.withoutBdd.SampleTestForDeleteTest" time="1.629" errors="0" timestamp="2024-07-29T16:53:57 IST" skipped="0">
  <testcase classname="com.sample.crud.withoutBdd.SampleTestForDeleteTest" name="deleteDataFromServer" time="1.629"/>
</testsuite> <!-- com.sample.crud.withoutBdd.SampleTestForDeleteTest -->
