<?xml version="1.0" encoding="UTF-8"?>
<!-- Generated by org.testng.reporters.JUnitReportReporter -->
<testsuite hostname="LAPTOP-FD4NVGGE" failures="0" tests="1" name="com.sample.crud.withBdd.SampleTestCreateTest" time="2.125" errors="0" timestamp="2024-07-30T11:34:06 IST" skipped="0">
  <testcase classname="com.sample.crud.withBdd.SampleTestCreateTest" name="postDataToServer" time="2.125"/>
</testsuite> <!-- com.sample.crud.withBdd.SampleTestCreateTest -->
