<?xml version="1.0" encoding="UTF-8"?>
<!-- Generated by org.testng.reporters.JUnitReportReporter -->
<testsuite hostname="LAPTOP-FD4NVGGE" failures="0" tests="1" name="com.sample.crud.withBdd.SampleTestForCompleteUpdateTest" time="1.710" errors="0" timestamp="2024-07-30T11:41:06 IST" skipped="0">
  <testcase classname="com.sample.crud.withBdd.SampleTestForCompleteUpdateTest" name="putDataToServer" time="1.710"/>
</testsuite> <!-- com.sample.crud.withBdd.SampleTestForCompleteUpdateTest -->
