<?xml version="1.0" encoding="UTF-8"?>
<!-- Generated by org.testng.reporters.JUnitReportReporter -->
<testsuite hostname="LAPTOP-FD4NVGGE" failures="0" tests="1" name="com.sample.crud.withBdd.SampleTestForDeleteTest" time="1.815" errors="0" timestamp="2024-07-30T12:01:28 IST" skipped="0">
  <testcase classname="com.sample.crud.withBdd.SampleTestForDeleteTest" name="deleteDataFromServer" time="1.815"/>
</testsuite> <!-- com.sample.crud.withBdd.SampleTestForDeleteTest -->
