<?xml version="1.0" encoding="UTF-8"?>
<!-- Generated by org.testng.reporters.JUnitReportReporter -->
<testsuite hostname="LAPTOP-FD4NVGGE" failures="0" tests="1" name="encryption_decryption.UpdatePayInfoViaAESETest" time="1.610" errors="0" timestamp="2024-08-06T18:54:06 IST" skipped="0">
  <testcase classname="encryption_decryption.UpdatePayInfoViaAESETest" name="sampleTrest" time="1.610"/>
</testsuite> <!-- encryption_decryption.UpdatePayInfoViaAESETest -->
