<?xml version="1.0" encoding="UTF-8"?>
<!-- Generated by org.testng.reporters.JUnitReportReporter -->
<testsuite hostname="LAPTOP-FD4NVGGE" failures="0" tests="1" name="reqChaining.Scenario_1_Delete_Project" time="2.715" errors="0" timestamp="2024-08-03T12:56:03 IST" skipped="0">
  <testcase classname="reqChaining.Scenario_1_Delete_Project" name="postDataToServer" time="2.715"/>
</testsuite> <!-- reqChaining.Scenario_1_Delete_Project -->
