<?xml version="1.0" encoding="UTF-8"?>
<!-- Generated by org.testng.reporters.JUnitReportReporter -->
<testsuite hostname="LAPTOP-FD4NVGGE" failures="0" tests="1" name="practicePostRequestTypes.PostReq_Via_POJOObjectTest" time="2.002" errors="0" timestamp="2024-08-02T11:18:43 IST" skipped="0">
  <testcase classname="practicePostRequestTypes.PostReq_Via_POJOObjectTest" name="postDataToServer" time="2.002"/>
</testsuite> <!-- practicePostRequestTypes.PostReq_Via_POJOObjectTest -->
