<?xml version="1.0" encoding="UTF-8"?>
<!-- Generated by org.testng.reporters.JUnitReportReporter -->
<testsuite hostname="LAPTOP-FD4NVGGE" failures="0" tests="1" name="authorization_test.BearerToken_AuthTest" time="2.124" errors="0" timestamp="2024-08-06T15:21:26 IST" skipped="0">
  <testcase classname="authorization_test.BearerToken_AuthTest" name="sampleTest" time="2.124"/>
</testsuite> <!-- authorization_test.BearerToken_AuthTest -->
