<?xml version="1.0" encoding="UTF-8"?>
<!-- Generated by org.testng.reporters.JUnitReportReporter -->
<testsuite hostname="LAPTOP-FD4NVGGE" failures="0" tests="1" name="reqChaining.Scenario_2_Add_Employee" time="3.030" errors="0" timestamp="2024-08-03T14:41:39 IST" skipped="0">
  <testcase classname="reqChaining.Scenario_2_Add_Employee" name="addEmployee" time="3.030"/>
</testsuite> <!-- reqChaining.Scenario_2_Add_Employee -->
