<?xml version="1.0" encoding="UTF-8"?>
<!-- Generated by org.testng.reporters.JUnitReportReporter -->
<testsuite hostname="LAPTOP-FD4NVGGE" failures="0" tests="1" name="pac.SampleTest" time="2.213" errors="0" timestamp="2024-07-25T17:55:10 IST" skipped="0">
  <testcase classname="pac.SampleTest" name="SampleGetReqTest" time="2.213"/>
</testsuite> <!-- pac.SampleTest -->
