<?xml version="1.0" encoding="UTF-8"?>
<!-- Generated by org.testng.reporters.JUnitReportReporter -->
<testsuite hostname="LAPTOP-FD4NVGGE" failures="0" tests="1" name="encryption_decryption.EncodeAndDecodeTest" time="0.014" errors="0" timestamp="2024-08-06T16:42:36 IST" skipped="0">
  <testcase classname="encryption_decryption.EncodeAndDecodeTest" name="sampleTest" time="0.014"/>
</testsuite> <!-- encryption_decryption.EncodeAndDecodeTest -->
