<?xml version="1.0" encoding="UTF-8"?>
<!-- Generated by org.testng.reporters.JUnitReportReporter -->
<testsuite hostname="LAPTOP-FD4NVGGE" failures="0" tests="1" name="practice.Validation.VerifyResponseHeaderTest" time="1.498" errors="0" timestamp="2024-08-02T13:09:07 IST" skipped="0">
  <testcase classname="practice.Validation.VerifyResponseHeaderTest" name="verifyHeader" time="1.498"/>
</testsuite> <!-- practice.Validation.VerifyResponseHeaderTest -->
