<?xml version="1.0" encoding="UTF-8"?>
<!-- Generated by org.testng.reporters.JUnitReportReporter -->
<testsuite hostname="LAPTOP-FD4NVGGE" failures="0" tests="1" name="reqChaining.Scenario_3_GetPayRollInfoTest" time="3.158" errors="0" timestamp="2024-08-05T17:32:33 IST" skipped="0">
  <testcase classname="reqChaining.Scenario_3_GetPayRollInfoTest" name="sampleTest" time="3.158"/>
</testsuite> <!-- reqChaining.Scenario_3_GetPayRollInfoTest -->
