<?xml version="1.0" encoding="UTF-8"?>
<!-- Generated by org.testng.reporters.JUnitReportReporter -->
<testsuite hostname="LAPTOP-FD4NVGGE" failures="0" tests="1" name="com.sample.crud.withBdd.SampleTestForPartialUpdateTest" time="2.089" errors="0" timestamp="2024-07-30T11:56:08 IST" skipped="0">
  <testcase classname="com.sample.crud.withBdd.SampleTestForPartialUpdateTest" name="putDataToServer" time="2.089"/>
</testsuite> <!-- com.sample.crud.withBdd.SampleTestForPartialUpdateTest -->
