<?xml version="1.0" encoding="UTF-8"?>
<!-- Generated by org.testng.reporters.JUnitReportReporter -->
<testsuite hostname="LAPTOP-FD4NVGGE" failures="0" tests="1" name="practice.SampleTest" time="2.236" errors="0" timestamp="2024-07-28T17:30:55 IST" skipped="0">
  <testcase classname="practice.SampleTest" name="SampleGetReqTest" time="2.236"/>
</testsuite> <!-- practice.SampleTest -->
