<?xml version="1.0" encoding="UTF-8"?>
<!-- Generated by org.testng.reporters.JUnitReportReporter -->
<testsuite hostname="LAPTOP-FD4NVGGE" failures="0" tests="1" name="authorization_test.Digestive_AuthTest" time="1.606" errors="0" timestamp="2024-08-06T14:41:22 IST" skipped="0">
  <testcase classname="authorization_test.Digestive_AuthTest" name="sampleTest" time="1.606"/>
</testsuite> <!-- authorization_test.Digestive_AuthTest -->
