<?xml version="1.0" encoding="UTF-8"?>
<!-- Generated by org.testng.reporters.JUnitReportReporter -->
<testsuite hostname="LAPTOP-FD4NVGGE" failures="0" tests="1" name="typesOfParameters.FormParamTest" time="1.630" errors="0" timestamp="2024-08-06T12:09:07 IST" skipped="0">
  <testcase classname="typesOfParameters.FormParamTest" name="sampleTest" time="1.630"/>
</testsuite> <!-- typesOfParameters.FormParamTest -->
