<?xml version="1.0" encoding="UTF-8"?>
<!-- Generated by org.testng.reporters.JUnitReportReporter -->
<testsuite hostname="LAPTOP-FD4NVGGE" failures="0" tests="1" name="encryption_decryption.API_EncodeTest" time="1.549" errors="0" timestamp="2024-08-06T16:41:12 IST" skipped="0">
  <testcase classname="encryption_decryption.API_EncodeTest" name="sampleTest" time="1.549"/>
</testsuite> <!-- encryption_decryption.API_EncodeTest -->
