<?xml version="1.0" encoding="UTF-8"?>
<!-- Generated by org.testng.reporters.JUnitReportReporter -->
<testsuite hostname="LAPTOP-FD4NVGGE" failures="0" tests="2" name="com.ninza.hrm.api.projectTest.ProjectTest" time="0.757" errors="0" timestamp="2024-08-09T15:00:18 IST" skipped="0">
  <testcase classname="com.ninza.hrm.api.projectTest.ProjectTest" name="addSingleProjectWithCreated" time="0.707"/>
  <testcase classname="com.ninza.hrm.api.projectTest.ProjectTest" name="createDuplicateProjectTest" time="0.050"/>
</testsuite> <!-- com.ninza.hrm.api.projectTest.ProjectTest -->
