<?xml version="1.0" encoding="UTF-8"?>
<!-- Generated by org.testng.reporters.JUnitReportReporter -->
<testsuite hostname="LAPTOP-FD4NVGGE" failures="0" tests="1" name="com.ninza.hrm.api.employeeTest.EmployeeTest" time="1.649" errors="0" timestamp="2024-08-09T15:00:18 IST" skipped="0">
  <testcase classname="com.ninza.hrm.api.employeeTest.EmployeeTest" name="addEmployeeTest" time="1.649"/>
</testsuite> <!-- com.ninza.hrm.api.employeeTest.EmployeeTest -->
