<?xml version="1.0" encoding="UTF-8"?>
<!-- Generated by org.testng.reporters.JUnitReportReporter -->
<testsuite hostname="LAPTOP-FD4NVGGE" failures="0" tests="1" name="test_scenarios.Google" time="5.825" errors="0" timestamp="2024-09-17T15:37:34 IST" skipped="0">
  <testcase classname="test_scenarios.Google" name="gTest" time="5.825"/>
</testsuite> <!-- test_scenarios.Google -->
