<?xml version="1.0" encoding="UTF-8"?>
<!-- Generated by org.testng.reporters.JUnitReportReporter -->
<testsuite hostname="LAPTOP-FD4NVGGE" failures="0" tests="1" name="flipkart_Project.TestScript2" time="9.786" errors="0" timestamp="2024-09-17T10:51:15 IST" skipped="0">
  <testcase classname="flipkart_Project.TestScript2" name="fkTest" time="9.786"/>
</testsuite> <!-- flipkart_Project.TestScript2 -->
