<?xml version="1.0" encoding="UTF-8"?>
<!-- Generated by org.testng.reporters.JUnitReportReporter -->
<testsuite hostname="LAPTOP-FD4NVGGE" failures="0" tests="1" name="test_scenarios.AmazonWebSite" time="26.343" errors="0" timestamp="2024-09-18T12:49:46 IST" skipped="0">
  <testcase classname="test_scenarios.AmazonWebSite" name="amazonTest" time="26.343"/>
</testsuite> <!-- test_scenarios.AmazonWebSite -->
