<?xml version="1.0" encoding="UTF-8"?>
<!-- Generated by org.testng.reporters.JUnitReportReporter -->
<testsuite hostname="LAPTOP-FD4NVGGE" failures="0" tests="1" name="flipkart_Project.TestScript" time="29.376" errors="0" timestamp="2024-09-16T18:44:14 IST" skipped="0">
  <testcase classname="flipkart_Project.TestScript" name="fkTest" time="29.376"/>
</testsuite> <!-- flipkart_Project.TestScript -->
