<?xml version="1.0" encoding="UTF-8"?>
<!-- Generated by org.testng.reporters.JUnitReportReporter -->
<testsuite hostname="LAPTOP-FD4NVGGE" failures="0" tests="1" name="developmentprocess.TLD" time="6.746" errors="0" timestamp="2024-08-29T15:24:02 IST" skipped="0">
  <testcase classname="developmentprocess.TLD" name="tldTest" time="6.746"/>
  <system-out/>
</testsuite> <!-- developmentprocess.TLD -->
