<?xml version="1.0" encoding="UTF-8"?>
<!-- Generated by org.testng.reporters.JUnitReportReporter -->
<testsuite hostname="LAPTOP-FD4NVGGE" failures="0" tests="14" name="runner.CucumberRunner" time="0.643" errors="0" timestamp="2024-09-05T15:14:03 IST" skipped="0">
  <testcase classname="runner.CucumberRunner" name="runScenario" time="0.016"/>
  <system-out/>
  <testcase classname="runner.CucumberRunner" name="runScenario" time="0.052"/>
  <system-out/>
  <testcase classname="runner.CucumberRunner" name="runScenario" time="0.037"/>
  <system-out/>
  <testcase classname="runner.CucumberRunner" name="runScenario" time="0.021"/>
  <system-out/>
  <testcase classname="runner.CucumberRunner" name="runScenario" time="0.020"/>
  <system-out/>
  <testcase classname="runner.CucumberRunner" name="runScenario" time="0.307"/>
  <system-out/>
  <testcase classname="runner.CucumberRunner" name="runScenario" time="0.022"/>
  <system-out/>
  <testcase classname="runner.CucumberRunner" name="runScenario" time="0.029"/>
  <system-out/>
  <testcase classname="runner.CucumberRunner" name="runScenario" time="0.048"/>
  <system-out/>
  <testcase classname="runner.CucumberRunner" name="runScenario" time="0.015"/>
  <system-out/>
  <testcase classname="runner.CucumberRunner" name="runScenario" time="0.034"/>
  <system-out/>
  <testcase classname="runner.CucumberRunner" name="runScenario" time="0.013"/>
  <system-out/>
  <testcase classname="runner.CucumberRunner" name="runScenario" time="0.012"/>
  <system-out/>
  <testcase classname="runner.CucumberRunner" name="runScenario" time="0.017"/>
  <system-out/>
</testsuite> <!-- runner.CucumberRunner -->
